{"/home/greg/Development/react/react-dnd-layout/src/model/LayoutState.js": {"path":"/home/greg/Development/react/react-dnd-layout/src/model/LayoutState.js","statementMap":{"0":{"start":{"line":3,"column":26},"end":{"line":9,"column":1}},"1":{"start":{"line":4,"column":19},"end":{"line":4,"column":55}},"2":{"start":{"line":5,"column":2},"end":{"line":7,"column":5}},"3":{"start":{"line":5,"column":16},"end":{"line":7,"column":5}},"4":{"start":{"line":6,"column":4},"end":{"line":6,"column":29}},"5":{"start":{"line":8,"column":2},"end":{"line":8,"column":37}},"6":{"start":{"line":11,"column":21},"end":{"line":17,"column":3}},"7":{"start":{"line":23,"column":4},"end":{"line":23,"column":29}},"8":{"start":{"line":27,"column":17},"end":{"line":27,"column":35}},"9":{"start":{"line":28,"column":4},"end":{"line":28,"column":31}},"10":{"start":{"line":33,"column":4},"end":{"line":35,"column":5}},"11":{"start":{"line":34,"column":6},"end":{"line":34,"column":69}},"12":{"start":{"line":36,"column":4},"end":{"line":36,"column":15}},"13":{"start":{"line":40,"column":4},"end":{"line":40,"column":95}},"14":{"start":{"line":44,"column":4},"end":{"line":44,"column":39}},"15":{"start":{"line":45,"column":4},"end":{"line":45,"column":45}},"16":{"start":{"line":46,"column":20},"end":{"line":48,"column":80}},"17":{"start":{"line":48,"column":54},"end":{"line":48,"column":79}},"18":{"start":{"line":49,"column":4},"end":{"line":49,"column":29}},"19":{"start":{"line":50,"column":4},"end":{"line":50,"column":16}},"20":{"start":{"line":54,"column":4},"end":{"line":56,"column":5}},"21":{"start":{"line":55,"column":6},"end":{"line":55,"column":12}},"22":{"start":{"line":57,"column":20},"end":{"line":60,"column":73}},"23":{"start":{"line":58,"column":60},"end":{"line":58,"column":90}},"24":{"start":{"line":58,"column":75},"end":{"line":58,"column":89}},"25":{"start":{"line":59,"column":54},"end":{"line":59,"column":79}},"26":{"start":{"line":61,"column":4},"end":{"line":61,"column":29}},"27":{"start":{"line":62,"column":4},"end":{"line":62,"column":16}},"28":{"start":{"line":66,"column":4},"end":{"line":66,"column":30}},"29":{"start":{"line":66,"column":23},"end":{"line":66,"column":30}},"30":{"start":{"line":67,"column":17},"end":{"line":67,"column":35}},"31":{"start":{"line":68,"column":17},"end":{"line":68,"column":31}},"32":{"start":{"line":69,"column":20},"end":{"line":69,"column":98}},"33":{"start":{"line":69,"column":70},"end":{"line":69,"column":97}},"34":{"start":{"line":69,"column":86},"end":{"line":69,"column":96}},"35":{"start":{"line":70,"column":4},"end":{"line":70,"column":45}},"36":{"start":{"line":71,"column":4},"end":{"line":71,"column":16}},"37":{"start":{"line":75,"column":4},"end":{"line":77,"column":6}},"38":{"start":{"line":76,"column":6},"end":{"line":76,"column":65}},"39":{"start":{"line":81,"column":4},"end":{"line":81,"column":41}},"40":{"start":{"line":81,"column":34},"end":{"line":81,"column":41}},"41":{"start":{"line":82,"column":4},"end":{"line":82,"column":48}},"42":{"start":{"line":86,"column":17},"end":{"line":86,"column":50}},"43":{"start":{"line":87,"column":4},"end":{"line":87,"column":31}},"44":{"start":{"line":91,"column":17},"end":{"line":91,"column":37}},"45":{"start":{"line":92,"column":4},"end":{"line":94,"column":5}},"46":{"start":{"line":93,"column":6},"end":{"line":93,"column":58}},"47":{"start":{"line":95,"column":4},"end":{"line":95,"column":18}},"48":{"start":{"line":99,"column":4},"end":{"line":99,"column":29}},"49":{"start":{"line":104,"column":0},"end":{"line":107,"column":2}},"50":{"start":{"line":105,"column":20},"end":{"line":105,"column":37}},"51":{"start":{"line":106,"column":2},"end":{"line":106,"column":47}}},"fnMap":{"0":{"name":"(anonymous_0)","decl":{"start":{"line":3,"column":26},"end":{"line":3,"column":27}},"loc":{"start":{"line":3,"column":39},"end":{"line":9,"column":1}}},"1":{"name":"(anonymous_1)","decl":{"start":{"line":5,"column":33},"end":{"line":5,"column":34}},"loc":{"start":{"line":5,"column":38},"end":{"line":7,"column":3}}},"2":{"name":"(anonymous_2)","decl":{"start":{"line":22,"column":2},"end":{"line":22,"column":3}},"loc":{"start":{"line":22,"column":21},"end":{"line":24,"column":3}}},"3":{"name":"(anonymous_3)","decl":{"start":{"line":26,"column":2},"end":{"line":26,"column":3}},"loc":{"start":{"line":26,"column":16},"end":{"line":29,"column":3}}},"4":{"name":"(anonymous_4)","decl":{"start":{"line":31,"column":2},"end":{"line":31,"column":3}},"loc":{"start":{"line":31,"column":22},"end":{"line":37,"column":3}}},"5":{"name":"(anonymous_5)","decl":{"start":{"line":39,"column":2},"end":{"line":39,"column":3}},"loc":{"start":{"line":39,"column":40},"end":{"line":41,"column":3}}},"6":{"name":"(anonymous_6)","decl":{"start":{"line":43,"column":2},"end":{"line":43,"column":3}},"loc":{"start":{"line":43,"column":34},"end":{"line":51,"column":3}}},"7":{"name":"(anonymous_7)","decl":{"start":{"line":48,"column":49},"end":{"line":48,"column":50}},"loc":{"start":{"line":48,"column":54},"end":{"line":48,"column":79}}},"8":{"name":"(anonymous_8)","decl":{"start":{"line":53,"column":2},"end":{"line":53,"column":3}},"loc":{"start":{"line":53,"column":32},"end":{"line":63,"column":3}}},"9":{"name":"(anonymous_9)","decl":{"start":{"line":58,"column":55},"end":{"line":58,"column":56}},"loc":{"start":{"line":58,"column":60},"end":{"line":58,"column":90}}},"10":{"name":"(anonymous_10)","decl":{"start":{"line":58,"column":69},"end":{"line":58,"column":70}},"loc":{"start":{"line":58,"column":75},"end":{"line":58,"column":89}}},"11":{"name":"(anonymous_11)","decl":{"start":{"line":59,"column":49},"end":{"line":59,"column":50}},"loc":{"start":{"line":59,"column":54},"end":{"line":59,"column":79}}},"12":{"name":"(anonymous_12)","decl":{"start":{"line":65,"column":2},"end":{"line":65,"column":3}},"loc":{"start":{"line":65,"column":17},"end":{"line":72,"column":3}}},"13":{"name":"(anonymous_13)","decl":{"start":{"line":69,"column":65},"end":{"line":69,"column":66}},"loc":{"start":{"line":69,"column":70},"end":{"line":69,"column":97}}},"14":{"name":"(anonymous_14)","decl":{"start":{"line":69,"column":79},"end":{"line":69,"column":80}},"loc":{"start":{"line":69,"column":86},"end":{"line":69,"column":96}}},"15":{"name":"(anonymous_15)","decl":{"start":{"line":74,"column":2},"end":{"line":74,"column":3}},"loc":{"start":{"line":74,"column":17},"end":{"line":78,"column":3}}},"16":{"name":"(anonymous_16)","decl":{"start":{"line":75,"column":11},"end":{"line":75,"column":12}},"loc":{"start":{"line":75,"column":27},"end":{"line":77,"column":5}}},"17":{"name":"(anonymous_17)","decl":{"start":{"line":80,"column":2},"end":{"line":80,"column":3}},"loc":{"start":{"line":80,"column":22},"end":{"line":83,"column":3}}},"18":{"name":"(anonymous_18)","decl":{"start":{"line":85,"column":2},"end":{"line":85,"column":3}},"loc":{"start":{"line":85,"column":20},"end":{"line":88,"column":3}}},"19":{"name":"(anonymous_19)","decl":{"start":{"line":90,"column":2},"end":{"line":90,"column":3}},"loc":{"start":{"line":90,"column":19},"end":{"line":96,"column":3}}},"20":{"name":"(anonymous_20)","decl":{"start":{"line":98,"column":2},"end":{"line":98,"column":3}},"loc":{"start":{"line":98,"column":10},"end":{"line":100,"column":3}}},"21":{"name":"(anonymous_21)","decl":{"start":{"line":104,"column":22},"end":{"line":104,"column":23}},"loc":{"start":{"line":104,"column":29},"end":{"line":107,"column":1}}}},"branchMap":{"0":{"loc":{"start":{"line":5,"column":2},"end":{"line":7,"column":5}},"type":"if","locations":[{"start":{"line":5,"column":2},"end":{"line":7,"column":5}},{"start":{"line":5,"column":2},"end":{"line":7,"column":5}}]},"1":{"loc":{"start":{"line":28,"column":11},"end":{"line":28,"column":30}},"type":"binary-expr","locations":[{"start":{"line":28,"column":11},"end":{"line":28,"column":15}},{"start":{"line":28,"column":19},"end":{"line":28,"column":30}}]},"2":{"loc":{"start":{"line":33,"column":11},"end":{"line":33,"column":74}},"type":"binary-expr","locations":[{"start":{"line":33,"column":11},"end":{"line":33,"column":28}},{"start":{"line":33,"column":32},"end":{"line":33,"column":51}},{"start":{"line":33,"column":55},"end":{"line":33,"column":74}}]},"3":{"loc":{"start":{"line":40,"column":11},"end":{"line":40,"column":94}},"type":"cond-expr","locations":[{"start":{"line":40,"column":21},"end":{"line":40,"column":55}},{"start":{"line":40,"column":58},"end":{"line":40,"column":94}}]},"4":{"loc":{"start":{"line":54,"column":4},"end":{"line":56,"column":5}},"type":"if","locations":[{"start":{"line":54,"column":4},"end":{"line":56,"column":5}},{"start":{"line":54,"column":4},"end":{"line":56,"column":5}}]},"5":{"loc":{"start":{"line":54,"column":8},"end":{"line":54,"column":60}},"type":"binary-expr","locations":[{"start":{"line":54,"column":8},"end":{"line":54,"column":35}},{"start":{"line":54,"column":39},"end":{"line":54,"column":60}}]},"6":{"loc":{"start":{"line":66,"column":4},"end":{"line":66,"column":30}},"type":"if","locations":[{"start":{"line":66,"column":4},"end":{"line":66,"column":30}},{"start":{"line":66,"column":4},"end":{"line":66,"column":30}}]},"7":{"loc":{"start":{"line":81,"column":4},"end":{"line":81,"column":41}},"type":"if","locations":[{"start":{"line":81,"column":4},"end":{"line":81,"column":41}},{"start":{"line":81,"column":4},"end":{"line":81,"column":41}}]},"8":{"loc":{"start":{"line":87,"column":11},"end":{"line":87,"column":30}},"type":"binary-expr","locations":[{"start":{"line":87,"column":11},"end":{"line":87,"column":15}},{"start":{"line":87,"column":19},"end":{"line":87,"column":30}}]},"9":{"loc":{"start":{"line":92,"column":11},"end":{"line":92,"column":48}},"type":"binary-expr","locations":[{"start":{"line":92,"column":11},"end":{"line":92,"column":27}},{"start":{"line":92,"column":31},"end":{"line":92,"column":48}}]}},"s":{"0":1,"1":2,"2":2,"3":1,"4":1,"5":2,"6":1,"7":8,"8":11,"9":11,"10":3,"11":3,"12":3,"13":2,"14":2,"15":2,"16":2,"17":2,"18":2,"19":2,"20":3,"21":1,"22":3,"23":3,"24":6,"25":3,"26":3,"27":3,"28":1,"29":0,"30":1,"31":1,"32":1,"33":1,"34":2,"35":1,"36":1,"37":1,"38":1,"39":1,"40":0,"41":1,"42":2,"43":2,"44":1,"45":1,"46":1,"47":1,"48":1,"49":1,"50":2,"51":2},"f":{"0":2,"1":1,"2":8,"3":11,"4":3,"5":2,"6":2,"7":2,"8":3,"9":3,"10":6,"11":3,"12":1,"13":1,"14":2,"15":1,"16":1,"17":1,"18":2,"19":1,"20":1,"21":2},"b":{"0":[1,1],"1":[11,8],"2":[6,3,3],"3":[1,1],"4":[1,2],"5":[3,1],"6":[0,1],"7":[0,1],"8":[2,1],"9":[2,1]},"_coverageSchema":"332fd63041d2c1bcb487cc26dd0d5f7d97098a6c","hash":"59624fc23879f7eb89e904a17324be390c71151b"}
}
