{"/home/greg/Development/react/react-dnd-layout/src/model/LayoutState.js": {"path":"/home/greg/Development/react/react-dnd-layout/src/model/LayoutState.js","statementMap":{"0":{"start":{"line":3,"column":26},"end":{"line":9,"column":1}},"1":{"start":{"line":4,"column":19},"end":{"line":4,"column":55}},"2":{"start":{"line":5,"column":2},"end":{"line":7,"column":5}},"3":{"start":{"line":5,"column":16},"end":{"line":7,"column":5}},"4":{"start":{"line":6,"column":4},"end":{"line":6,"column":29}},"5":{"start":{"line":8,"column":2},"end":{"line":8,"column":37}},"6":{"start":{"line":11,"column":21},"end":{"line":17,"column":3}},"7":{"start":{"line":23,"column":4},"end":{"line":23,"column":12}},"8":{"start":{"line":24,"column":4},"end":{"line":24,"column":25}},"9":{"start":{"line":28,"column":4},"end":{"line":28,"column":29}},"10":{"start":{"line":32,"column":4},"end":{"line":32,"column":30}},"11":{"start":{"line":36,"column":4},"end":{"line":36,"column":37}},"12":{"start":{"line":41,"column":4},"end":{"line":43,"column":5}},"13":{"start":{"line":42,"column":6},"end":{"line":42,"column":69}},"14":{"start":{"line":44,"column":4},"end":{"line":44,"column":15}},"15":{"start":{"line":48,"column":4},"end":{"line":50,"column":5}},"16":{"start":{"line":49,"column":6},"end":{"line":49,"column":12}},"17":{"start":{"line":51,"column":20},"end":{"line":54,"column":73}},"18":{"start":{"line":52,"column":60},"end":{"line":52,"column":90}},"19":{"start":{"line":52,"column":75},"end":{"line":52,"column":89}},"20":{"start":{"line":53,"column":54},"end":{"line":53,"column":79}},"21":{"start":{"line":55,"column":4},"end":{"line":55,"column":29}},"22":{"start":{"line":56,"column":4},"end":{"line":56,"column":16}},"23":{"start":{"line":61,"column":4},"end":{"line":75,"column":5}},"24":{"start":{"line":62,"column":6},"end":{"line":64,"column":7}},"25":{"start":{"line":63,"column":8},"end":{"line":63,"column":14}},"26":{"start":{"line":65,"column":6},"end":{"line":68,"column":76}},"27":{"start":{"line":66,"column":62},"end":{"line":66,"column":92}},"28":{"start":{"line":66,"column":77},"end":{"line":66,"column":91}},"29":{"start":{"line":67,"column":56},"end":{"line":67,"column":81}},"30":{"start":{"line":70,"column":6},"end":{"line":70,"column":41}},"31":{"start":{"line":71,"column":6},"end":{"line":71,"column":47}},"32":{"start":{"line":72,"column":6},"end":{"line":74,"column":83}},"33":{"start":{"line":74,"column":56},"end":{"line":74,"column":81}},"34":{"start":{"line":76,"column":4},"end":{"line":76,"column":29}},"35":{"start":{"line":77,"column":4},"end":{"line":77,"column":16}},"36":{"start":{"line":81,"column":17},"end":{"line":81,"column":37}},"37":{"start":{"line":82,"column":4},"end":{"line":84,"column":5}},"38":{"start":{"line":83,"column":6},"end":{"line":83,"column":58}},"39":{"start":{"line":85,"column":4},"end":{"line":85,"column":18}},"40":{"start":{"line":89,"column":4},"end":{"line":89,"column":30}},"41":{"start":{"line":89,"column":23},"end":{"line":89,"column":30}},"42":{"start":{"line":90,"column":17},"end":{"line":90,"column":58}},"43":{"start":{"line":91,"column":20},"end":{"line":91,"column":98}},"44":{"start":{"line":91,"column":70},"end":{"line":91,"column":97}},"45":{"start":{"line":91,"column":86},"end":{"line":91,"column":96}},"46":{"start":{"line":92,"column":4},"end":{"line":92,"column":45}},"47":{"start":{"line":96,"column":4},"end":{"line":98,"column":6}},"48":{"start":{"line":97,"column":6},"end":{"line":97,"column":65}},"49":{"start":{"line":102,"column":4},"end":{"line":102,"column":41}},"50":{"start":{"line":102,"column":34},"end":{"line":102,"column":41}},"51":{"start":{"line":103,"column":4},"end":{"line":103,"column":48}},"52":{"start":{"line":107,"column":17},"end":{"line":107,"column":50}},"53":{"start":{"line":108,"column":4},"end":{"line":108,"column":37}},"54":{"start":{"line":112,"column":4},"end":{"line":112,"column":29}},"55":{"start":{"line":117,"column":0},"end":{"line":120,"column":2}},"56":{"start":{"line":118,"column":20},"end":{"line":118,"column":37}},"57":{"start":{"line":119,"column":2},"end":{"line":119,"column":47}}},"fnMap":{"0":{"name":"(anonymous_0)","decl":{"start":{"line":3,"column":26},"end":{"line":3,"column":27}},"loc":{"start":{"line":3,"column":39},"end":{"line":9,"column":1}}},"1":{"name":"(anonymous_1)","decl":{"start":{"line":5,"column":33},"end":{"line":5,"column":34}},"loc":{"start":{"line":5,"column":38},"end":{"line":7,"column":3}}},"2":{"name":"(anonymous_2)","decl":{"start":{"line":22,"column":2},"end":{"line":22,"column":3}},"loc":{"start":{"line":22,"column":16},"end":{"line":25,"column":3}}},"3":{"name":"(anonymous_3)","decl":{"start":{"line":27,"column":2},"end":{"line":27,"column":3}},"loc":{"start":{"line":27,"column":21},"end":{"line":29,"column":3}}},"4":{"name":"(anonymous_4)","decl":{"start":{"line":31,"column":2},"end":{"line":31,"column":3}},"loc":{"start":{"line":31,"column":14},"end":{"line":33,"column":3}}},"5":{"name":"(anonymous_5)","decl":{"start":{"line":35,"column":2},"end":{"line":35,"column":3}},"loc":{"start":{"line":35,"column":16},"end":{"line":37,"column":3}}},"6":{"name":"(anonymous_6)","decl":{"start":{"line":39,"column":2},"end":{"line":39,"column":3}},"loc":{"start":{"line":39,"column":22},"end":{"line":45,"column":3}}},"7":{"name":"(anonymous_7)","decl":{"start":{"line":47,"column":2},"end":{"line":47,"column":3}},"loc":{"start":{"line":47,"column":32},"end":{"line":57,"column":3}}},"8":{"name":"(anonymous_8)","decl":{"start":{"line":52,"column":55},"end":{"line":52,"column":56}},"loc":{"start":{"line":52,"column":60},"end":{"line":52,"column":90}}},"9":{"name":"(anonymous_9)","decl":{"start":{"line":52,"column":69},"end":{"line":52,"column":70}},"loc":{"start":{"line":52,"column":75},"end":{"line":52,"column":89}}},"10":{"name":"(anonymous_10)","decl":{"start":{"line":53,"column":49},"end":{"line":53,"column":50}},"loc":{"start":{"line":53,"column":54},"end":{"line":53,"column":79}}},"11":{"name":"(anonymous_11)","decl":{"start":{"line":59,"column":2},"end":{"line":59,"column":3}},"loc":{"start":{"line":59,"column":31},"end":{"line":78,"column":3}}},"12":{"name":"(anonymous_12)","decl":{"start":{"line":66,"column":57},"end":{"line":66,"column":58}},"loc":{"start":{"line":66,"column":62},"end":{"line":66,"column":92}}},"13":{"name":"(anonymous_13)","decl":{"start":{"line":66,"column":71},"end":{"line":66,"column":72}},"loc":{"start":{"line":66,"column":77},"end":{"line":66,"column":91}}},"14":{"name":"(anonymous_14)","decl":{"start":{"line":67,"column":51},"end":{"line":67,"column":52}},"loc":{"start":{"line":67,"column":56},"end":{"line":67,"column":81}}},"15":{"name":"(anonymous_15)","decl":{"start":{"line":74,"column":51},"end":{"line":74,"column":52}},"loc":{"start":{"line":74,"column":56},"end":{"line":74,"column":81}}},"16":{"name":"(anonymous_16)","decl":{"start":{"line":80,"column":2},"end":{"line":80,"column":3}},"loc":{"start":{"line":80,"column":19},"end":{"line":86,"column":3}}},"17":{"name":"(anonymous_17)","decl":{"start":{"line":88,"column":2},"end":{"line":88,"column":3}},"loc":{"start":{"line":88,"column":17},"end":{"line":93,"column":3}}},"18":{"name":"(anonymous_18)","decl":{"start":{"line":91,"column":65},"end":{"line":91,"column":66}},"loc":{"start":{"line":91,"column":70},"end":{"line":91,"column":97}}},"19":{"name":"(anonymous_19)","decl":{"start":{"line":91,"column":79},"end":{"line":91,"column":80}},"loc":{"start":{"line":91,"column":86},"end":{"line":91,"column":96}}},"20":{"name":"(anonymous_20)","decl":{"start":{"line":95,"column":2},"end":{"line":95,"column":3}},"loc":{"start":{"line":95,"column":17},"end":{"line":99,"column":3}}},"21":{"name":"(anonymous_21)","decl":{"start":{"line":96,"column":11},"end":{"line":96,"column":12}},"loc":{"start":{"line":96,"column":27},"end":{"line":98,"column":5}}},"22":{"name":"(anonymous_22)","decl":{"start":{"line":101,"column":2},"end":{"line":101,"column":3}},"loc":{"start":{"line":101,"column":22},"end":{"line":104,"column":3}}},"23":{"name":"(anonymous_23)","decl":{"start":{"line":106,"column":2},"end":{"line":106,"column":3}},"loc":{"start":{"line":106,"column":20},"end":{"line":109,"column":3}}},"24":{"name":"(anonymous_24)","decl":{"start":{"line":111,"column":2},"end":{"line":111,"column":3}},"loc":{"start":{"line":111,"column":10},"end":{"line":113,"column":3}}},"25":{"name":"(anonymous_25)","decl":{"start":{"line":117,"column":22},"end":{"line":117,"column":23}},"loc":{"start":{"line":117,"column":29},"end":{"line":120,"column":1}}}},"branchMap":{"0":{"loc":{"start":{"line":5,"column":2},"end":{"line":7,"column":5}},"type":"if","locations":[{"start":{"line":5,"column":2},"end":{"line":7,"column":5}},{"start":{"line":5,"column":2},"end":{"line":7,"column":5}}]},"1":{"loc":{"start":{"line":41,"column":11},"end":{"line":41,"column":74}},"type":"binary-expr","locations":[{"start":{"line":41,"column":11},"end":{"line":41,"column":28}},{"start":{"line":41,"column":32},"end":{"line":41,"column":51}},{"start":{"line":41,"column":55},"end":{"line":41,"column":74}}]},"2":{"loc":{"start":{"line":48,"column":4},"end":{"line":50,"column":5}},"type":"if","locations":[{"start":{"line":48,"column":4},"end":{"line":50,"column":5}},{"start":{"line":48,"column":4},"end":{"line":50,"column":5}}]},"3":{"loc":{"start":{"line":48,"column":8},"end":{"line":48,"column":60}},"type":"binary-expr","locations":[{"start":{"line":48,"column":8},"end":{"line":48,"column":35}},{"start":{"line":48,"column":39},"end":{"line":48,"column":60}}]},"4":{"loc":{"start":{"line":61,"column":4},"end":{"line":75,"column":5}},"type":"if","locations":[{"start":{"line":61,"column":4},"end":{"line":75,"column":5}},{"start":{"line":61,"column":4},"end":{"line":75,"column":5}}]},"5":{"loc":{"start":{"line":62,"column":6},"end":{"line":64,"column":7}},"type":"if","locations":[{"start":{"line":62,"column":6},"end":{"line":64,"column":7}},{"start":{"line":62,"column":6},"end":{"line":64,"column":7}}]},"6":{"loc":{"start":{"line":62,"column":10},"end":{"line":62,"column":62}},"type":"binary-expr","locations":[{"start":{"line":62,"column":10},"end":{"line":62,"column":37}},{"start":{"line":62,"column":41},"end":{"line":62,"column":62}}]},"7":{"loc":{"start":{"line":82,"column":11},"end":{"line":82,"column":48}},"type":"binary-expr","locations":[{"start":{"line":82,"column":11},"end":{"line":82,"column":27}},{"start":{"line":82,"column":31},"end":{"line":82,"column":48}}]},"8":{"loc":{"start":{"line":89,"column":4},"end":{"line":89,"column":30}},"type":"if","locations":[{"start":{"line":89,"column":4},"end":{"line":89,"column":30}},{"start":{"line":89,"column":4},"end":{"line":89,"column":30}}]},"9":{"loc":{"start":{"line":102,"column":4},"end":{"line":102,"column":41}},"type":"if","locations":[{"start":{"line":102,"column":4},"end":{"line":102,"column":41}},{"start":{"line":102,"column":4},"end":{"line":102,"column":41}}]},"10":{"loc":{"start":{"line":108,"column":11},"end":{"line":108,"column":36}},"type":"cond-expr","locations":[{"start":{"line":108,"column":18},"end":{"line":108,"column":29}},{"start":{"line":108,"column":32},"end":{"line":108,"column":36}}]}},"s":{"0":1,"1":0,"2":0,"3":0,"4":0,"5":0,"6":1,"7":1,"8":1,"9":2,"10":1,"11":1,"12":1,"13":1,"14":1,"15":1,"16":0,"17":1,"18":1,"19":2,"20":1,"21":1,"22":1,"23":1,"24":0,"25":0,"26":0,"27":0,"28":0,"29":0,"30":1,"31":1,"32":1,"33":1,"34":1,"35":1,"36":0,"37":0,"38":0,"39":0,"40":0,"41":0,"42":0,"43":0,"44":0,"45":0,"46":0,"47":0,"48":0,"49":0,"50":0,"51":0,"52":0,"53":0,"54":0,"55":1,"56":1,"57":1},"f":{"0":0,"1":0,"2":1,"3":2,"4":1,"5":1,"6":1,"7":1,"8":1,"9":2,"10":1,"11":1,"12":0,"13":0,"14":0,"15":1,"16":0,"17":0,"18":0,"19":0,"20":0,"21":0,"22":0,"23":0,"24":0,"25":1},"b":{"0":[0,0],"1":[2,1,1],"2":[0,1],"3":[1,0],"4":[0,1],"5":[0,0],"6":[0,0],"7":[0,0],"8":[0,0],"9":[0,0],"10":[0,0]},"_coverageSchema":"332fd63041d2c1bcb487cc26dd0d5f7d97098a6c","hash":"02838066848b9e1ff80f12ec0784aedaad417c31"}
}
