TN:
SF:/home/greg/Development/react/react-dnd-layout/src/model/LayoutState.js
FN:3,(anonymous_0)
FN:5,(anonymous_1)
FN:22,(anonymous_2)
FN:26,(anonymous_3)
FN:31,(anonymous_4)
FN:39,(anonymous_5)
FN:43,(anonymous_6)
FN:48,(anonymous_7)
FN:53,(anonymous_8)
FN:58,(anonymous_9)
FN:58,(anonymous_10)
FN:59,(anonymous_11)
FN:65,(anonymous_12)
FN:69,(anonymous_13)
FN:69,(anonymous_14)
FN:74,(anonymous_15)
FN:75,(anonymous_16)
FN:80,(anonymous_17)
FN:85,(anonymous_18)
FN:90,(anonymous_19)
FN:98,(anonymous_20)
FN:104,(anonymous_21)
FNF:22
FNH:22
FNDA:2,(anonymous_0)
FNDA:1,(anonymous_1)
FNDA:8,(anonymous_2)
FNDA:11,(anonymous_3)
FNDA:3,(anonymous_4)
FNDA:2,(anonymous_5)
FNDA:2,(anonymous_6)
FNDA:2,(anonymous_7)
FNDA:3,(anonymous_8)
FNDA:3,(anonymous_9)
FNDA:6,(anonymous_10)
FNDA:3,(anonymous_11)
FNDA:1,(anonymous_12)
FNDA:1,(anonymous_13)
FNDA:2,(anonymous_14)
FNDA:1,(anonymous_15)
FNDA:1,(anonymous_16)
FNDA:1,(anonymous_17)
FNDA:2,(anonymous_18)
FNDA:1,(anonymous_19)
FNDA:1,(anonymous_20)
FNDA:2,(anonymous_21)
DA:3,1
DA:4,2
DA:5,2
DA:6,1
DA:8,2
DA:11,1
DA:23,8
DA:27,11
DA:28,11
DA:33,3
DA:34,3
DA:36,3
DA:40,2
DA:44,2
DA:45,2
DA:46,2
DA:48,2
DA:49,2
DA:50,2
DA:54,3
DA:55,1
DA:57,3
DA:58,6
DA:59,3
DA:61,3
DA:62,3
DA:66,1
DA:67,1
DA:68,1
DA:69,2
DA:70,1
DA:71,1
DA:75,1
DA:76,1
DA:81,1
DA:82,1
DA:86,2
DA:87,2
DA:91,1
DA:92,1
DA:93,1
DA:95,1
DA:99,1
DA:104,1
DA:105,2
DA:106,2
LF:46
LH:46
BRDA:5,0,0,1
BRDA:5,0,1,1
BRDA:28,1,0,11
BRDA:28,1,1,8
BRDA:33,2,0,6
BRDA:33,2,1,3
BRDA:33,2,2,3
BRDA:40,3,0,1
BRDA:40,3,1,1
BRDA:54,4,0,1
BRDA:54,4,1,2
BRDA:54,5,0,3
BRDA:54,5,1,1
BRDA:66,6,0,0
BRDA:66,6,1,1
BRDA:81,7,0,0
BRDA:81,7,1,1
BRDA:87,8,0,2
BRDA:87,8,1,1
BRDA:92,9,0,2
BRDA:92,9,1,1
BRF:21
BRH:19
end_of_record
