TN:
SF:/home/greg/Development/react/react-dnd-layout/src/model/LayoutState.js
FN:3,(anonymous_0)
FN:5,(anonymous_1)
FN:22,(anonymous_2)
FN:27,(anonymous_3)
FN:31,(anonymous_4)
FN:35,(anonymous_5)
FN:39,(anonymous_6)
FN:47,(anonymous_7)
FN:52,(anonymous_8)
FN:52,(anonymous_9)
FN:53,(anonymous_10)
FN:59,(anonymous_11)
FN:66,(anonymous_12)
FN:66,(anonymous_13)
FN:67,(anonymous_14)
FN:74,(anonymous_15)
FN:80,(anonymous_16)
FN:88,(anonymous_17)
FN:91,(anonymous_18)
FN:91,(anonymous_19)
FN:95,(anonymous_20)
FN:96,(anonymous_21)
FN:101,(anonymous_22)
FN:106,(anonymous_23)
FN:111,(anonymous_24)
FN:117,(anonymous_25)
FNF:26
FNH:12
FNDA:0,(anonymous_0)
FNDA:0,(anonymous_1)
FNDA:1,(anonymous_2)
FNDA:2,(anonymous_3)
FNDA:1,(anonymous_4)
FNDA:1,(anonymous_5)
FNDA:1,(anonymous_6)
FNDA:1,(anonymous_7)
FNDA:1,(anonymous_8)
FNDA:2,(anonymous_9)
FNDA:1,(anonymous_10)
FNDA:1,(anonymous_11)
FNDA:0,(anonymous_12)
FNDA:0,(anonymous_13)
FNDA:0,(anonymous_14)
FNDA:1,(anonymous_15)
FNDA:0,(anonymous_16)
FNDA:0,(anonymous_17)
FNDA:0,(anonymous_18)
FNDA:0,(anonymous_19)
FNDA:0,(anonymous_20)
FNDA:0,(anonymous_21)
FNDA:0,(anonymous_22)
FNDA:0,(anonymous_23)
FNDA:0,(anonymous_24)
FNDA:1,(anonymous_25)
DA:3,1
DA:4,0
DA:5,0
DA:6,0
DA:8,0
DA:11,1
DA:23,1
DA:24,1
DA:28,2
DA:32,1
DA:36,1
DA:41,1
DA:42,1
DA:44,1
DA:48,1
DA:49,0
DA:51,1
DA:52,2
DA:53,1
DA:55,1
DA:56,1
DA:61,1
DA:62,0
DA:63,0
DA:65,0
DA:66,0
DA:67,0
DA:70,1
DA:71,1
DA:72,1
DA:74,1
DA:76,1
DA:77,1
DA:81,0
DA:82,0
DA:83,0
DA:85,0
DA:89,0
DA:90,0
DA:91,0
DA:92,0
DA:96,0
DA:97,0
DA:102,0
DA:103,0
DA:107,0
DA:108,0
DA:112,0
DA:117,1
DA:118,1
DA:119,1
LF:51
LH:26
BRDA:5,0,0,0
BRDA:5,0,1,0
BRDA:41,1,0,2
BRDA:41,1,1,1
BRDA:41,1,2,1
BRDA:48,2,0,0
BRDA:48,2,1,1
BRDA:48,3,0,1
BRDA:48,3,1,0
BRDA:61,4,0,0
BRDA:61,4,1,1
BRDA:62,5,0,0
BRDA:62,5,1,0
BRDA:62,6,0,0
BRDA:62,6,1,0
BRDA:82,7,0,0
BRDA:82,7,1,0
BRDA:89,8,0,0
BRDA:89,8,1,0
BRDA:102,9,0,0
BRDA:102,9,1,0
BRDA:108,10,0,0
BRDA:108,10,1,0
BRF:23
BRH:6
end_of_record
